# JRE version: OpenJDK Runtime Environment (21.0.5+11) (build 21.0.5+11-Ubuntu-1ubuntu122.04)
# Java VM: OpenJDK 64-Bit Server VM (21.0.5+11-Ubuntu-1ubuntu122.04, mixed mode, sharing, tiered, compressed oops, compressed class ptrs, g1 gc, linux-amd64)
GC Precious Log:
 CardTable entry size: 512
 Card Set container configuration: InlinePtr #cards 5 size 8 Array Of Cards #cards 12 size 40 Howl #buckets 4 coarsen threshold 1843 Howl Bitmap #cards 512 size 80 coarsen threshold 460 Card regions per heap region 1 cards per card region 2048
 CPUs: 4 total, 4 available
 Memory: 7375M
 Large Page Support: Disabled
 NUMA Support: Disabled
 Compressed Oops: Enabled (32-bit)
 Heap Region Size: 1M
 Heap Min Capacity: 8M
 Heap Initial Capacity: 116M
 Heap Max Capacity: 1844M
 Pre-touch: Disabled
 Parallel Workers: 4
 Concurrent Workers: 1
 Concurrent Refinement Workers: 4
 Periodic GC: Disabled
Heap:
 garbage-first heap   total 120832K, used 11590K [0x000000008cc00000, 0x0000000100000000)
  region size 1024K, 8 young (8192K), 1 survivors (1024K)
 Metaspace       used 13529K, committed 13824K, reserved 1114112K
  class space    used 1300K, committed 1408K, reserved 1048576K
GC Heap History (10 events):
Event: 1,135 GC heap before
{Heap before GC invocations=0 (full 0):
 garbage-first heap   total 120832K, used 14385K [0x000000008cc00000, 0x0000000100000000)
  region size 1024K, 13 young (13312K), 0 survivors (0K)
 Metaspace       used 7271K, committed 7552K, reserved 1114112K
  class space    used 778K, committed 896K, reserved 1048576K
}
Event: 1,150 GC heap after
{Heap after GC invocations=1 (full 0):
 garbage-first heap   total 120832K, used 2577K [0x000000008cc00000, 0x0000000100000000)
  region size 1024K, 2 young (2048K), 2 survivors (2048K)
 Metaspace       used 7271K, committed 7552K, reserved 1114112K
  class space    used 778K, committed 896K, reserved 1048576K
}
Event: 2,748 GC heap before
{Heap before GC invocations=1 (full 0):
 garbage-first heap   total 120832K, used 27153K [0x000000008cc00000, 0x0000000100000000)
  region size 1024K, 26 young (26624K), 2 survivors (2048K)
 Metaspace       used 10004K, committed 10240K, reserved 1114112K
  class space    used 1041K, committed 1152K, reserved 1048576K
}
Event: 2,757 GC heap after
{Heap after GC invocations=2 (full 0):
 garbage-first heap   total 120832K, used 3064K [0x000000008cc00000, 0x0000000100000000)
  region size 1024K, 2 young (2048K), 2 survivors (2048K)
 Metaspace       used 10004K, committed 10240K, reserved 1114112K
  class space    used 1041K, committed 1152K, reserved 1048576K
}
Event: 3,928 GC heap before
{Heap before GC invocations=2 (full 0):
 garbage-first heap   total 120832K, used 72696K [0x000000008cc00000, 0x0000000100000000)
  region size 1024K, 69 young (70656K), 2 survivors (2048K)
 Metaspace       used 13263K, committed 13504K, reserved 1114112K
  class space    used 1289K, committed 1408K, reserved 1048576K
}
Event: 3,952 GC heap after
{Heap after GC invocations=3 (full 0):
 garbage-first heap   total 120832K, used 11620K [0x000000008cc00000, 0x0000000100000000)
  region size 1024K, 9 young (9216K), 9 survivors (9216K)
 Metaspace       used 13263K, committed 13504K, reserved 1114112K
  class space    used 1289K, committed 1408K, reserved 1048576K
}
Event: 4,377 GC heap before
{Heap before GC invocations=3 (full 0):
 garbage-first heap   total 120832K, used 77156K [0x000000008cc00000, 0x0000000100000000)
  region size 1024K, 69 young (70656K), 9 survivors (9216K)
 Metaspace       used 13354K, committed 13568K, reserved 1114112K
  class space    used 1293K, committed 1408K, reserved 1048576K
}
Event: 4,383 GC heap after
{Heap after GC invocations=4 (full 0):
 garbage-first heap   total 120832K, used 6642K [0x000000008cc00000, 0x0000000100000000)
  region size 1024K, 2 young (2048K), 2 survivors (2048K)
 Metaspace       used 13354K, committed 13568K, reserved 1114112K
  class space    used 1293K, committed 1408K, reserved 1048576K
}
Event: 4,739 GC heap before
{Heap before GC invocations=4 (full 0):
 garbage-first heap   total 120832K, used 79346K [0x000000008cc00000, 0x0000000100000000)
  region size 1024K, 69 young (70656K), 2 survivors (2048K)
 Metaspace       used 13527K, committed 13760K, reserved 1114112K
  class space    used 1300K, committed 1408K, reserved 1048576K
}
Event: 4,741 GC heap after
{Heap after GC invocations=5 (full 0):
 garbage-first heap   total 120832K, used 5446K [0x000000008cc00000, 0x0000000100000000)
  region size 1024K, 1 young (1024K), 1 survivors (1024K)
 Metaspace       used 13527K, committed 13760K, reserved 1114112K
  class space    used 1300K, committed 1408K, reserved 1048576K
}

